[debug] [2022-02-22T13:57:48.603Z] ----------------------------------------------------------------------
[debug] [2022-02-22T13:57:48.604Z] Command:       C:\Program Files\nodejs\node.exe C:\Users\Dell\AppData\Roaming\npm\node_modules\firebase-tools\lib\bin\firebase.js init
[debug] [2022-02-22T13:57:48.605Z] CLI Version:   10.1.2
[debug] [2022-02-22T13:57:48.605Z] Platform:      win32
[debug] [2022-02-22T13:57:48.605Z] Node Version:  v16.13.1
[debug] [2022-02-22T13:57:48.606Z] Time:          Tue Feb 22 2022 18:57:48 GMT+0500 (Pakistan Standard Time)
[debug] [2022-02-22T13:57:48.606Z] ----------------------------------------------------------------------
[debug] 
[debug] [2022-02-22T13:57:48.614Z] > command requires scopes: ["email","openid","https://www.googleapis.com/auth/cloudplatformprojects.readonly","https://www.googleapis.com/auth/firebase","https://www.googleapis.com/auth/cloud-platform"]
[debug] [2022-02-22T13:57:48.615Z] > authorizing via signed-in user (zainking099@gmail.com)
[info] 
     ######## #### ########  ######## ########     ###     ######  ########
     ##        ##  ##     ## ##       ##     ##  ##   ##  ##       ##
     ######    ##  ########  ######   ########  #########  ######  ######
     ##        ##  ##    ##  ##       ##     ## ##     ##       ## ##
     ##       #### ##     ## ######## ########  ##     ##  ######  ########

You're about to initialize a Firebase project in this directory:

  D:\React\tailwindpractice

[info] 
=== Project Setup
[info] 
[info] First, let's associate this project directory with a Firebase project.
[info] You can create multiple project aliases by running firebase use --add, 
[info] but for now we'll just set up a default project.
[info] 
[debug] [2022-02-22T13:58:00.018Z] > refreshing access token with scopes: []
[debug] [2022-02-22T13:58:00.019Z] >>> HTTP REQUEST POST https://www.googleapis.com/oauth2/v3/token  
 <request body omitted>
[debug] [2022-02-22T13:58:22.853Z] Authentication Error: Your credentials are no longer valid. Please run firebase login --reauth

For CI servers and headless environments, generate a new token with firebase login:ci
